<?xml version="1.0" encoding="UTF-8"?>
<!-- Generated by org.testng.reporters.JUnitReportReporter -->
<testsuite skipped="0" hostname="LAPTOP-N0G0NBDP" name="com.qa.testScripts.TestCase1" tests="1" failures="0" timestamp="04 Sep 2021 13:02:33 GMT" time="28.888" errors="0">
  <testcase name="setup" time="28.888" classname="com.qa.testScripts.TestCase1"/>
</testsuite> <!-- com.qa.testScripts.TestCase1 -->
